<?xml version="1.0" encoding="UTF-8"?>
<testsuite xmlns:xsi="http://www.w3.org/2001/XMLSchema-instance" xsi:noNamespaceSchemaLocation="https://maven.apache.org/surefire/maven-surefire-plugin/xsd/surefire-test-report-3.0.xsd" version="3.0" name="com.inhouse.marketplace.e2e.MarketplaceE2ETest" time="65.768" tests="5" errors="0" skipped="0" failures="4">
  <properties>
[...]
</properties>
  <testcase name="testE2E_OfferToProposalToAcceptance" classname="com.inhouse.marketplace.e2e.MarketplaceE2ETest" time="3.67">
    <failure message="Status expected:&lt;201&gt; but was:&lt;400&gt;" type="java.lang.AssertionError"><![CDATA[java.lang.AssertionError: Status expected:<201> but was:<400>
	at org.springframework.test.util.AssertionErrors.fail(AssertionErrors.java:59)
	at org.springframework.test.util.AssertionErrors.assertEquals(AssertionErrors.java:122)
	at org.springframework.test.web.servlet.result.StatusResultMatchers.lambda$matcher$9(StatusResultMatchers.java:637)
	at org.springframework.test.web.servlet.MockMvc$1.andExpect(MockMvc.java:214)
	at com.inhouse.marketplace.e2e.MarketplaceE2ETest.testE2E_OfferToProposalToAcceptance(MarketplaceE2ETest.java:171)
	at java.base/java.lang.reflect.Method.invoke(Method.java:568)
	at java.base/java.util.ArrayList.forEach(ArrayList.java:1511)
	at java.base/java.util.ArrayList.forEach(ArrayList.java:1511)
]]></failure>
    <system-out><![CDATA[09:30:27.064 [main] INFO org.springframework.test.context.support.AnnotationConfigContextLoaderUtils -- Could not detect default configuration classes for test class [com.inhouse.marketplace.e2e.MarketplaceE2ETest]: MarketplaceE2ETest does not declare any static, non-private, non-final, nested classes annotated with @Configuration.
09:30:28.167 [main] INFO org.springframework.boot.test.context.SpringBootTestContextBootstrapper -- Found @SpringBootConfiguration com.inhouse.marketplace.MarketplaceApplication for test class com.inhouse.marketplace.e2e.MarketplaceE2ETest

  .   ____          _            __ _ _
 /\\ / ___'_ __ _ _(_)_ __  __ _ \ \ \ \
( ( )\___ | '_ | '_| | '_ \/ _` | \ \ \ \
 \\/  ___)| |_)| | | | | || (_| |  ) ) ) )
  '  |____| .__|_| |_|_| |_\__, | / / / /
 =========|_|==============|___/=/_/_/_/
 :: Spring Boot ::                (v3.2.5)

2026-07-15T09:30:31.874+05:30  INFO 22340 --- [marketplace] [           main] c.i.marketplace.e2e.MarketplaceE2ETest   : Starting MarketplaceE2ETest using Java 17.0.12 with PID 22340 (started by dell in C:\Users\dell\Desktop\NAvikenz\Code+projects\JAVA\CAPSTONE\marketplace-backend)
2026-07-15T09:30:31.879+05:30  INFO 22340 --- [marketplace] [           main] c.i.marketplace.e2e.MarketplaceE2ETest   : The following 1 profile is active: "test"
2026-07-15T09:30:39.129+05:30  INFO 22340 --- [marketplace] [           main] .s.d.r.c.RepositoryConfigurationDelegate : Bootstrapping Spring Data JPA repositories in DEFAULT mode.
2026-07-15T09:30:39.622+05:30  INFO 22340 --- [marketplace] [           main] .s.d.r.c.RepositoryConfigurationDelegate : Finished Spring Data repository scanning in 454 ms. Found 6 JPA repository interfaces.
2026-07-15T09:30:43.066+05:30  INFO 22340 --- [marketplace] [           main] o.hibernate.jpa.internal.util.LogHelper  : HHH000204: Processing PersistenceUnitInfo [name: default]
2026-07-15T09:30:43.581+05:30  INFO 22340 --- [marketplace] [           main] org.hibernate.Version                    : HHH000412: Hibernate ORM core version 6.4.4.Final
2026-07-15T09:30:43.839+05:30  INFO 22340 --- [marketplace] [           main] o.h.c.internal.RegionFactoryInitiator    : HHH000026: Second-level cache disabled
2026-07-15T09:30:45.863+05:30  INFO 22340 --- [marketplace] [           main] o.s.o.j.p.SpringPersistenceUnitInfo      : No LoadTimeWeaver setup: ignoring JPA class transformer
2026-07-15T09:30:46.031+05:30  INFO 22340 --- [marketplace] [           main] com.zaxxer.hikari.HikariDataSource       : HikariPool-1 - Starting...
2026-07-15T09:30:47.373+05:30  INFO 22340 --- [marketplace] [           main] com.zaxxer.hikari.pool.HikariPool        : HikariPool-1 - Added connection conn0: url=jdbc:h2:mem:testdb user=SA
2026-07-15T09:30:47.380+05:30  INFO 22340 --- [marketplace] [           main] com.zaxxer.hikari.HikariDataSource       : HikariPool-1 - Start completed.
2026-07-15T09:30:47.521+05:30  WARN 22340 --- [marketplace] [           main] org.hibernate.orm.deprecation            : HHH90000025: H2Dialect does not need to be specified explicitly using 'hibernate.dialect' (remove the property setting and it will be selected by default)
2026-07-15T09:30:56.028+05:30  INFO 22340 --- [marketplace] [           main] o.h.e.t.j.p.i.JtaPlatformInitiator       : HHH000489: No JTA platform available (set 'hibernate.transaction.jta.platform' to enable JTA platform integration)
2026-07-15T09:30:56.624+05:30  INFO 22340 --- [marketplace] [           main] j.LocalContainerEntityManagerFactoryBean : Initialized JPA EntityManagerFactory for persistence unit 'default'
2026-07-15T09:30:58.606+05:30  INFO 22340 --- [marketplace] [           main] o.s.d.j.r.query.QueryEnhancerFactory     : Hibernate is in classpath; If applicable, HQL parser will be used.
2026-07-15T09:31:04.038+05:30  WARN 22340 --- [marketplace] [           main] JpaBaseConfiguration$JpaWebConfiguration : spring.jpa.open-in-view is enabled by default. Therefore, database queries may be performed during view rendering. Explicitly configure spring.jpa.open-in-view to disable this warning
2026-07-15T09:31:06.541+05:30  INFO 22340 --- [marketplace] [           main] o.s.b.a.h2.H2ConsoleAutoConfiguration    : H2 console available at '/h2-console'. Database available at 'jdbc:h2:mem:testdb'
2026-07-15T09:31:06.805+05:30  INFO 22340 --- [marketplace] [           main] o.s.b.t.m.w.SpringBootMockServletContext : Initializing Spring TestDispatcherServlet ''
2026-07-15T09:31:06.806+05:30  INFO 22340 --- [marketplace] [           main] o.s.t.web.servlet.TestDispatcherServlet  : Initializing Servlet ''
2026-07-15T09:31:06.813+05:30  INFO 22340 --- [marketplace] [           main] o.s.t.web.servlet.TestDispatcherServlet  : Completed initialization in 5 ms
2026-07-15T09:31:06.893+05:30  INFO 22340 --- [marketplace] [           main] c.i.marketplace.e2e.MarketplaceE2ETest   : Started MarketplaceE2ETest in 37.191 seconds (process running for 49.208)

MockHttpServletRequest:
      HTTP Method = POST
      Request URI = /api/users/register
       Parameters = {}
          Headers = [Content-Type:"application/json;charset=UTF-8", Content-Length:"28"]
             Body = {"userId":"eve@company.com"}
    Session Attrs = {}

Handler:
             Type = com.inhouse.marketplace.controller.UserController
           Method = com.inhouse.marketplace.controller.UserController#register(User, HttpSession)

Async:
    Async started = false
     Async result = null

Resolved Exception:
             Type = org.springframework.web.bind.MethodArgumentNotValidException

ModelAndView:
        View name = null
             View = null
            Model = null

FlashMap:
       Attributes = null

MockHttpServletResponse:
           Status = 400
    Error message = null
          Headers = [Vary:"Origin", "Access-Control-Request-Method", "Access-Control-Request-Headers", Content-Type:"application/json"]
     Content type = application/json
             Body = {"password":"Password must not be blank"}
    Forwarded URL = null
   Redirected URL = null
          Cookies = []
2026-07-15T09:31:10.555+05:30  INFO 22340 --- [marketplace] [           main] j.LocalContainerEntityManagerFactoryBean : Closing JPA EntityManagerFactory for persistence unit 'default'
2026-07-15T09:31:10.596+05:30  INFO 22340 --- [marketplace] [           main] com.zaxxer.hikari.HikariDataSource       : HikariPool-1 - Shutdown initiated...
2026-07-15T09:31:10.609+05:30  INFO 22340 --- [marketplace] [           main] com.zaxxer.hikari.HikariDataSource       : HikariPool-1 - Shutdown completed.
]]></system-out>
  </testcase>
  <testcase name="testE2E_RequirementToProposalToAcceptance" classname="com.inhouse.marketplace.e2e.MarketplaceE2ETest" time="0.155">
    <failure message="Status expected:&lt;201&gt; but was:&lt;400&gt;" type="java.lang.AssertionError"><![CDATA[java.lang.AssertionError: Status expected:<201> but was:<400>
	at org.springframework.test.util.AssertionErrors.fail(AssertionErrors.java:59)
	at org.springframework.test.util.AssertionErrors.assertEquals(AssertionErrors.java:122)
	at org.springframework.test.web.servlet.result.StatusResultMatchers.lambda$matcher$9(StatusResultMatchers.java:637)
	at org.springframework.test.web.servlet.MockMvc$1.andExpect(MockMvc.java:214)
	at com.inhouse.marketplace.e2e.MarketplaceE2ETest.testE2E_RequirementToProposalToAcceptance(MarketplaceE2ETest.java:83)
	at java.base/java.lang.reflect.Method.invoke(Method.java:568)
	at java.base/java.util.ArrayList.forEach(ArrayList.java:1511)
	at java.base/java.util.ArrayList.forEach(ArrayList.java:1511)
]]></failure>
    <system-out><![CDATA[
  .   ____          _            __ _ _
 /\\ / ___'_ __ _ _(_)_ __  __ _ \ \ \ \
( ( )\___ | '_ | '_| | '_ \/ _` | \ \ \ \
 \\/  ___)| |_)| | | | | || (_| |  ) ) ) )
  '  |____| .__|_| |_|_| |_\__, | / / / /
 =========|_|==============|___/=/_/_/_/
 :: Spring Boot ::                (v3.2.5)

2026-07-15T09:31:10.820+05:30  INFO 22340 --- [marketplace] [           main] c.i.marketplace.e2e.MarketplaceE2ETest   : Starting MarketplaceE2ETest using Java 17.0.12 with PID 22340 (started by dell in C:\Users\dell\Desktop\NAvikenz\Code+projects\JAVA\CAPSTONE\marketplace-backend)
2026-07-15T09:31:10.821+05:30  INFO 22340 --- [marketplace] [           main] c.i.marketplace.e2e.MarketplaceE2ETest   : The following 1 profile is active: "test"
2026-07-15T09:31:12.608+05:30  INFO 22340 --- [marketplace] [           main] .s.d.r.c.RepositoryConfigurationDelegate : Bootstrapping Spring Data JPA repositories in DEFAULT mode.
2026-07-15T09:31:12.728+05:30  INFO 22340 --- [marketplace] [           main] .s.d.r.c.RepositoryConfigurationDelegate : Finished Spring Data repository scanning in 118 ms. Found 6 JPA repository interfaces.
2026-07-15T09:31:13.121+05:30  INFO 22340 --- [marketplace] [           main] o.hibernate.jpa.internal.util.LogHelper  : HHH000204: Processing PersistenceUnitInfo [name: default]
2026-07-15T09:31:13.132+05:30  INFO 22340 --- [marketplace] [           main] o.h.c.internal.RegionFactoryInitiator    : HHH000026: Second-level cache disabled
2026-07-15T09:31:13.246+05:30  INFO 22340 --- [marketplace] [           main] o.s.o.j.p.SpringPersistenceUnitInfo      : No LoadTimeWeaver setup: ignoring JPA class transformer
2026-07-15T09:31:13.262+05:30  INFO 22340 --- [marketplace] [           main] com.zaxxer.hikari.HikariDataSource       : HikariPool-2 - Starting...
2026-07-15T09:31:13.270+05:30  INFO 22340 --- [marketplace] [           main] com.zaxxer.hikari.pool.HikariPool        : HikariPool-2 - Added connection conn10: url=jdbc:h2:mem:testdb user=SA
2026-07-15T09:31:13.270+05:30  INFO 22340 --- [marketplace] [           main] com.zaxxer.hikari.HikariDataSource       : HikariPool-2 - Start completed.
2026-07-15T09:31:13.272+05:30  WARN 22340 --- [marketplace] [           main] org.hibernate.orm.deprecation            : HHH90000025: H2Dialect does not need to be specified explicitly using 'hibernate.dialect' (remove the property setting and it will be selected by default)
2026-07-15T09:31:14.115+05:30  INFO 22340 --- [marketplace] [           main] o.h.e.t.j.p.i.JtaPlatformInitiator       : HHH000489: No JTA platform available (set 'hibernate.transaction.jta.platform' to enable JTA platform integration)
2026-07-15T09:31:14.259+05:30  INFO 22340 --- [marketplace] [           main] j.LocalContainerEntityManagerFactoryBean : Initialized JPA EntityManagerFactory for persistence unit 'default'
2026-07-15T09:31:15.198+05:30  WARN 22340 --- [marketplace] [           main] JpaBaseConfiguration$JpaWebConfiguration : spring.jpa.open-in-view is enabled by default. Therefore, database queries may be performed during view rendering. Explicitly configure spring.jpa.open-in-view to disable this warning
2026-07-15T09:31:15.705+05:30  INFO 22340 --- [marketplace] [           main] o.s.b.a.h2.H2ConsoleAutoConfiguration    : H2 console available at '/h2-console'. Database available at 'jdbc:h2:mem:testdb'
2026-07-15T09:31:15.763+05:30  INFO 22340 --- [marketplace] [           main] o.s.b.t.m.w.SpringBootMockServletContext : Initializing Spring TestDispatcherServlet ''
2026-07-15T09:31:15.763+05:30  INFO 22340 --- [marketplace] [           main] o.s.t.web.servlet.TestDispatcherServlet  : Initializing Servlet ''
2026-07-15T09:31:15.766+05:30  INFO 22340 --- [marketplace] [           main] o.s.t.web.servlet.TestDispatcherServlet  : Completed initialization in 2 ms
2026-07-15T09:31:15.817+05:30  INFO 22340 --- [marketplace] [           main] c.i.marketplace.e2e.MarketplaceE2ETest   : Started MarketplaceE2ETest in 5.153 seconds (process running for 58.132)

MockHttpServletRequest:
      HTTP Method = POST
      Request URI = /api/users/register
       Parameters = {}
          Headers = [Content-Type:"application/json;charset=UTF-8", Content-Length:"28"]
             Body = {"userId":"bob@company.com"}
    Session Attrs = {}

Handler:
             Type = com.inhouse.marketplace.controller.UserController
           Method = com.inhouse.marketplace.controller.UserController#register(User, HttpSession)

Async:
    Async started = false
     Async result = null

Resolved Exception:
             Type = org.springframework.web.bind.MethodArgumentNotValidException

ModelAndView:
        View name = null
             View = null
            Model = null

FlashMap:
       Attributes = null

MockHttpServletResponse:
           Status = 400
    Error message = null
          Headers = [Vary:"Origin", "Access-Control-Request-Method", "Access-Control-Request-Headers", Content-Type:"application/json"]
     Content type = application/json
             Body = {"password":"Password must not be blank"}
    Forwarded URL = null
   Redirected URL = null
          Cookies = []
2026-07-15T09:31:15.943+05:30  INFO 22340 --- [marketplace] [           main] j.LocalContainerEntityManagerFactoryBean : Closing JPA EntityManagerFactory for persistence unit 'default'
2026-07-15T09:31:15.963+05:30  INFO 22340 --- [marketplace] [           main] com.zaxxer.hikari.HikariDataSource       : HikariPool-2 - Shutdown initiated...
2026-07-15T09:31:15.979+05:30  INFO 22340 --- [marketplace] [           main] com.zaxxer.hikari.HikariDataSource       : HikariPool-2 - Shutdown completed.
]]></system-out>
  </testcase>
  <testcase name="testE2E_DeleteCascadesCorrectly" classname="com.inhouse.marketplace.e2e.MarketplaceE2ETest" time="0.125">
    <failure message="Status expected:&lt;201&gt; but was:&lt;400&gt;" type="java.lang.AssertionError"><![CDATA[java.lang.AssertionError: Status expected:<201> but was:<400>
	at org.springframework.test.util.AssertionErrors.fail(AssertionErrors.java:59)
	at org.springframework.test.util.AssertionErrors.assertEquals(AssertionErrors.java:122)
	at org.springframework.test.web.servlet.result.StatusResultMatchers.lambda$matcher$9(StatusResultMatchers.java:637)
	at org.springframework.test.web.servlet.MockMvc$1.andExpect(MockMvc.java:214)
	at com.inhouse.marketplace.e2e.MarketplaceE2ETest.testE2E_DeleteCascadesCorrectly(MarketplaceE2ETest.java:294)
	at java.base/java.lang.reflect.Method.invoke(Method.java:568)
	at java.base/java.util.ArrayList.forEach(ArrayList.java:1511)
	at java.base/java.util.ArrayList.forEach(ArrayList.java:1511)
]]></failure>
    <system-out><![CDATA[
  .   ____          _            __ _ _
 /\\ / ___'_ __ _ _(_)_ __  __ _ \ \ \ \
( ( )\___ | '_ | '_| | '_ \/ _` | \ \ \ \
 \\/  ___)| |_)| | | | | || (_| |  ) ) ) )
  '  |____| .__|_| |_|_| |_\__, | / / / /
 =========|_|==============|___/=/_/_/_/
 :: Spring Boot ::                (v3.2.5)

2026-07-15T09:31:16.107+05:30  INFO 22340 --- [marketplace] [           main] c.i.marketplace.e2e.MarketplaceE2ETest   : Starting MarketplaceE2ETest using Java 17.0.12 with PID 22340 (started by dell in C:\Users\dell\Desktop\NAvikenz\Code+projects\JAVA\CAPSTONE\marketplace-backend)
2026-07-15T09:31:16.108+05:30  INFO 22340 --- [marketplace] [           main] c.i.marketplace.e2e.MarketplaceE2ETest   : The following 1 profile is active: "test"
2026-07-15T09:31:17.294+05:30  INFO 22340 --- [marketplace] [           main] .s.d.r.c.RepositoryConfigurationDelegate : Bootstrapping Spring Data JPA repositories in DEFAULT mode.
2026-07-15T09:31:17.418+05:30  INFO 22340 --- [marketplace] [           main] .s.d.r.c.RepositoryConfigurationDelegate : Finished Spring Data repository scanning in 119 ms. Found 6 JPA repository interfaces.
2026-07-15T09:31:17.717+05:30  INFO 22340 --- [marketplace] [           main] o.hibernate.jpa.internal.util.LogHelper  : HHH000204: Processing PersistenceUnitInfo [name: default]
2026-07-15T09:31:17.732+05:30  INFO 22340 --- [marketplace] [           main] o.h.c.internal.RegionFactoryInitiator    : HHH000026: Second-level cache disabled
2026-07-15T09:31:17.746+05:30  INFO 22340 --- [marketplace] [           main] o.s.o.j.p.SpringPersistenceUnitInfo      : No LoadTimeWeaver setup: ignoring JPA class transformer
2026-07-15T09:31:17.751+05:30  INFO 22340 --- [marketplace] [           main] com.zaxxer.hikari.HikariDataSource       : HikariPool-3 - Starting...
2026-07-15T09:31:17.757+05:30  INFO 22340 --- [marketplace] [           main] com.zaxxer.hikari.pool.HikariPool        : HikariPool-3 - Added connection conn20: url=jdbc:h2:mem:testdb user=SA
2026-07-15T09:31:17.759+05:30  INFO 22340 --- [marketplace] [           main] com.zaxxer.hikari.HikariDataSource       : HikariPool-3 - Start completed.
2026-07-15T09:31:17.760+05:30  WARN 22340 --- [marketplace] [           main] org.hibernate.orm.deprecation            : HHH90000025: H2Dialect does not need to be specified explicitly using 'hibernate.dialect' (remove the property setting and it will be selected by default)
2026-07-15T09:31:19.111+05:30  INFO 22340 --- [marketplace] [           main] o.h.e.t.j.p.i.JtaPlatformInitiator       : HHH000489: No JTA platform available (set 'hibernate.transaction.jta.platform' to enable JTA platform integration)
2026-07-15T09:31:19.252+05:30  INFO 22340 --- [marketplace] [           main] j.LocalContainerEntityManagerFactoryBean : Initialized JPA EntityManagerFactory for persistence unit 'default'
2026-07-15T09:31:20.068+05:30  WARN 22340 --- [marketplace] [           main] JpaBaseConfiguration$JpaWebConfiguration : spring.jpa.open-in-view is enabled by default. Therefore, database queries may be performed during view rendering. Explicitly configure spring.jpa.open-in-view to disable this warning
2026-07-15T09:31:20.756+05:30  INFO 22340 --- [marketplace] [           main] o.s.b.a.h2.H2ConsoleAutoConfiguration    : H2 console available at '/h2-console'. Database available at 'jdbc:h2:mem:testdb'
2026-07-15T09:31:20.801+05:30  INFO 22340 --- [marketplace] [           main] o.s.b.t.m.w.SpringBootMockServletContext : Initializing Spring TestDispatcherServlet ''
2026-07-15T09:31:20.802+05:30  INFO 22340 --- [marketplace] [           main] o.s.t.web.servlet.TestDispatcherServlet  : Initializing Servlet ''
2026-07-15T09:31:20.804+05:30  INFO 22340 --- [marketplace] [           main] o.s.t.web.servlet.TestDispatcherServlet  : Completed initialization in 2 ms
2026-07-15T09:31:20.827+05:30  INFO 22340 --- [marketplace] [           main] c.i.marketplace.e2e.MarketplaceE2ETest   : Started MarketplaceE2ETest in 4.838 seconds (process running for 63.142)

MockHttpServletRequest:
      HTTP Method = POST
      Request URI = /api/users/register
       Parameters = {}
          Headers = [Content-Type:"application/json;charset=UTF-8", Content-Length:"29"]
             Body = {"userId":"dave@company.com"}
    Session Attrs = {}

Handler:
             Type = com.inhouse.marketplace.controller.UserController
           Method = com.inhouse.marketplace.controller.UserController#register(User, HttpSession)

Async:
    Async started = false
     Async result = null

Resolved Exception:
             Type = org.springframework.web.bind.MethodArgumentNotValidException

ModelAndView:
        View name = null
             View = null
            Model = null

FlashMap:
       Attributes = null

MockHttpServletResponse:
           Status = 400
    Error message = null
          Headers = [Vary:"Origin", "Access-Control-Request-Method", "Access-Control-Request-Headers", Content-Type:"application/json"]
     Content type = application/json
             Body = {"password":"Password must not be blank"}
    Forwarded URL = null
   Redirected URL = null
          Cookies = []
2026-07-15T09:31:20.901+05:30  INFO 22340 --- [marketplace] [           main] j.LocalContainerEntityManagerFactoryBean : Closing JPA EntityManagerFactory for persistence unit 'default'
2026-07-15T09:31:20.909+05:30  INFO 22340 --- [marketplace] [           main] com.zaxxer.hikari.HikariDataSource       : HikariPool-3 - Shutdown initiated...
2026-07-15T09:31:20.962+05:30  INFO 22340 --- [marketplace] [           main] com.zaxxer.hikari.HikariDataSource       : HikariPool-3 - Shutdown completed.
]]></system-out>
  </testcase>
  <testcase name="testE2E_EmployeeRegistersAndLogsIn" classname="com.inhouse.marketplace.e2e.MarketplaceE2ETest" time="0.095">
    <failure message="Status expected:&lt;201&gt; but was:&lt;400&gt;" type="java.lang.AssertionError"><![CDATA[java.lang.AssertionError: Status expected:<201> but was:<400>
	at org.springframework.test.util.AssertionErrors.fail(AssertionErrors.java:59)
	at org.springframework.test.util.AssertionErrors.assertEquals(AssertionErrors.java:122)
	at org.springframework.test.web.servlet.result.StatusResultMatchers.lambda$matcher$9(StatusResultMatchers.java:637)
	at org.springframework.test.web.servlet.MockMvc$1.andExpect(MockMvc.java:214)
	at com.inhouse.marketplace.e2e.MarketplaceE2ETest.testE2E_EmployeeRegistersAndLogsIn(MarketplaceE2ETest.java:52)
	at java.base/java.lang.reflect.Method.invoke(Method.java:568)
	at java.base/java.util.ArrayList.forEach(ArrayList.java:1511)
	at java.base/java.util.ArrayList.forEach(ArrayList.java:1511)
]]></failure>
    <system-out><![CDATA[
  .   ____          _            __ _ _
 /\\ / ___'_ __ _ _(_)_ __  __ _ \ \ \ \
( ( )\___ | '_ | '_| | '_ \/ _` | \ \ \ \
 \\/  ___)| |_)| | | | | || (_| |  ) ) ) )
  '  |____| .__|_| |_|_| |_\__, | / / / /
 =========|_|==============|___/=/_/_/_/
 :: Spring Boot ::                (v3.2.5)

2026-07-15T09:31:21.165+05:30  INFO 22340 --- [marketplace] [           main] c.i.marketplace.e2e.MarketplaceE2ETest   : Starting MarketplaceE2ETest using Java 17.0.12 with PID 22340 (started by dell in C:\Users\dell\Desktop\NAvikenz\Code+projects\JAVA\CAPSTONE\marketplace-backend)
2026-07-15T09:31:21.167+05:30  INFO 22340 --- [marketplace] [           main] c.i.marketplace.e2e.MarketplaceE2ETest   : The following 1 profile is active: "test"
2026-07-15T09:31:23.311+05:30  INFO 22340 --- [marketplace] [           main] .s.d.r.c.RepositoryConfigurationDelegate : Bootstrapping Spring Data JPA repositories in DEFAULT mode.
2026-07-15T09:31:23.932+05:30  INFO 22340 --- [marketplace] [           main] .s.d.r.c.RepositoryConfigurationDelegate : Finished Spring Data repository scanning in 619 ms. Found 6 JPA repository interfaces.
2026-07-15T09:31:24.323+05:30  INFO 22340 --- [marketplace] [           main] o.hibernate.jpa.internal.util.LogHelper  : HHH000204: Processing PersistenceUnitInfo [name: default]
2026-07-15T09:31:24.336+05:30  INFO 22340 --- [marketplace] [           main] o.h.c.internal.RegionFactoryInitiator    : HHH000026: Second-level cache disabled
2026-07-15T09:31:24.359+05:30  INFO 22340 --- [marketplace] [           main] o.s.o.j.p.SpringPersistenceUnitInfo      : No LoadTimeWeaver setup: ignoring JPA class transformer
2026-07-15T09:31:24.362+05:30  INFO 22340 --- [marketplace] [           main] com.zaxxer.hikari.HikariDataSource       : HikariPool-4 - Starting...
2026-07-15T09:31:24.372+05:30  INFO 22340 --- [marketplace] [           main] com.zaxxer.hikari.pool.HikariPool        : HikariPool-4 - Added connection conn30: url=jdbc:h2:mem:testdb user=SA
2026-07-15T09:31:24.372+05:30  INFO 22340 --- [marketplace] [           main] com.zaxxer.hikari.HikariDataSource       : HikariPool-4 - Start completed.
2026-07-15T09:31:24.395+05:30  WARN 22340 --- [marketplace] [           main] org.hibernate.orm.deprecation            : HHH90000025: H2Dialect does not need to be specified explicitly using 'hibernate.dialect' (remove the property setting and it will be selected by default)
2026-07-15T09:31:25.028+05:30  INFO 22340 --- [marketplace] [           main] o.h.e.t.j.p.i.JtaPlatformInitiator       : HHH000489: No JTA platform available (set 'hibernate.transaction.jta.platform' to enable JTA platform integration)
2026-07-15T09:31:25.077+05:30  INFO 22340 --- [marketplace] [           main] j.LocalContainerEntityManagerFactoryBean : Initialized JPA EntityManagerFactory for persistence unit 'default'
2026-07-15T09:31:25.504+05:30  WARN 22340 --- [marketplace] [           main] JpaBaseConfiguration$JpaWebConfiguration : spring.jpa.open-in-view is enabled by default. Therefore, database queries may be performed during view rendering. Explicitly configure spring.jpa.open-in-view to disable this warning
2026-07-15T09:31:26.019+05:30  INFO 22340 --- [marketplace] [           main] o.s.b.a.h2.H2ConsoleAutoConfiguration    : H2 console available at '/h2-console'. Database available at 'jdbc:h2:mem:testdb'
2026-07-15T09:31:26.079+05:30  INFO 22340 --- [marketplace] [           main] o.s.b.t.m.w.SpringBootMockServletContext : Initializing Spring TestDispatcherServlet ''
2026-07-15T09:31:26.080+05:30  INFO 22340 --- [marketplace] [           main] o.s.t.web.servlet.TestDispatcherServlet  : Initializing Servlet ''
2026-07-15T09:31:26.082+05:30  INFO 22340 --- [marketplace] [           main] o.s.t.web.servlet.TestDispatcherServlet  : Completed initialization in 2 ms
2026-07-15T09:31:26.128+05:30  INFO 22340 --- [marketplace] [           main] c.i.marketplace.e2e.MarketplaceE2ETest   : Started MarketplaceE2ETest in 5.159 seconds (process running for 68.442)

MockHttpServletRequest:
      HTTP Method = POST
      Request URI = /api/users/register
       Parameters = {}
          Headers = [Content-Type:"application/json;charset=UTF-8", Content-Length:"30"]
             Body = {"userId":"alice@company.com"}
    Session Attrs = {}

Handler:
             Type = com.inhouse.marketplace.controller.UserController
           Method = com.inhouse.marketplace.controller.UserController#register(User, HttpSession)

Async:
    Async started = false
     Async result = null

Resolved Exception:
             Type = org.springframework.web.bind.MethodArgumentNotValidException

ModelAndView:
        View name = null
             View = null
            Model = null

FlashMap:
       Attributes = null

MockHttpServletResponse:
           Status = 400
    Error message = null
          Headers = [Vary:"Origin", "Access-Control-Request-Method", "Access-Control-Request-Headers", Content-Type:"application/json"]
     Content type = application/json
             Body = {"password":"Password must not be blank"}
    Forwarded URL = null
   Redirected URL = null
          Cookies = []
2026-07-15T09:31:26.203+05:30  INFO 22340 --- [marketplace] [           main] j.LocalContainerEntityManagerFactoryBean : Closing JPA EntityManagerFactory for persistence unit 'default'
2026-07-15T09:31:26.218+05:30  INFO 22340 --- [marketplace] [           main] com.zaxxer.hikari.HikariDataSource       : HikariPool-4 - Shutdown initiated...
2026-07-15T09:31:26.241+05:30  INFO 22340 --- [marketplace] [           main] com.zaxxer.hikari.HikariDataSource       : HikariPool-4 - Shutdown completed.
]]></system-out>
  </testcase>
  <testcase name="testE2E_UIToAPIIntegration" classname="com.inhouse.marketplace.e2e.MarketplaceE2ETest" time="0.495">
    <system-out><![CDATA[
  .   ____          _            __ _ _
 /\\ / ___'_ __ _ _(_)_ __  __ _ \ \ \ \
( ( )\___ | '_ | '_| | '_ \/ _` | \ \ \ \
 \\/  ___)| |_)| | | | | || (_| |  ) ) ) )
  '  |____| .__|_| |_|_| |_\__, | / / / /
 =========|_|==============|___/=/_/_/_/
 :: Spring Boot ::                (v3.2.5)

2026-07-15T09:31:26.364+05:30  INFO 22340 --- [marketplace] [           main] c.i.marketplace.e2e.MarketplaceE2ETest   : Starting MarketplaceE2ETest using Java 17.0.12 with PID 22340 (started by dell in C:\Users\dell\Desktop\NAvikenz\Code+projects\JAVA\CAPSTONE\marketplace-backend)
2026-07-15T09:31:26.382+05:30  INFO 22340 --- [marketplace] [           main] c.i.marketplace.e2e.MarketplaceE2ETest   : The following 1 profile is active: "test"
2026-07-15T09:31:27.352+05:30  INFO 22340 --- [marketplace] [           main] .s.d.r.c.RepositoryConfigurationDelegate : Bootstrapping Spring Data JPA repositories in DEFAULT mode.
2026-07-15T09:31:27.746+05:30  INFO 22340 --- [marketplace] [           main] .s.d.r.c.RepositoryConfigurationDelegate : Finished Spring Data repository scanning in 392 ms. Found 6 JPA repository interfaces.
2026-07-15T09:31:27.991+05:30  INFO 22340 --- [marketplace] [           main] o.hibernate.jpa.internal.util.LogHelper  : HHH000204: Processing PersistenceUnitInfo [name: default]
2026-07-15T09:31:28.006+05:30  INFO 22340 --- [marketplace] [           main] o.h.c.internal.RegionFactoryInitiator    : HHH000026: Second-level cache disabled
2026-07-15T09:31:28.027+05:30  INFO 22340 --- [marketplace] [           main] o.s.o.j.p.SpringPersistenceUnitInfo      : No LoadTimeWeaver setup: ignoring JPA class transformer
2026-07-15T09:31:28.032+05:30  INFO 22340 --- [marketplace] [           main] com.zaxxer.hikari.HikariDataSource       : HikariPool-5 - Starting...
2026-07-15T09:31:28.034+05:30  INFO 22340 --- [marketplace] [           main] com.zaxxer.hikari.pool.HikariPool        : HikariPool-5 - Added connection conn40: url=jdbc:h2:mem:testdb user=SA
2026-07-15T09:31:28.034+05:30  INFO 22340 --- [marketplace] [           main] com.zaxxer.hikari.HikariDataSource       : HikariPool-5 - Start completed.
2026-07-15T09:31:28.037+05:30  WARN 22340 --- [marketplace] [           main] org.hibernate.orm.deprecation            : HHH90000025: H2Dialect does not need to be specified explicitly using 'hibernate.dialect' (remove the property setting and it will be selected by default)
2026-07-15T09:31:28.802+05:30  INFO 22340 --- [marketplace] [           main] o.h.e.t.j.p.i.JtaPlatformInitiator       : HHH000489: No JTA platform available (set 'hibernate.transaction.jta.platform' to enable JTA platform integration)
2026-07-15T09:31:28.907+05:30  INFO 22340 --- [marketplace] [           main] j.LocalContainerEntityManagerFactoryBean : Initialized JPA EntityManagerFactory for persistence unit 'default'
2026-07-15T09:31:29.751+05:30  WARN 22340 --- [marketplace] [           main] JpaBaseConfiguration$JpaWebConfiguration : spring.jpa.open-in-view is enabled by default. Therefore, database queries may be performed during view rendering. Explicitly configure spring.jpa.open-in-view to disable this warning
2026-07-15T09:31:30.180+05:30  INFO 22340 --- [marketplace] [           main] o.s.b.a.h2.H2ConsoleAutoConfiguration    : H2 console available at '/h2-console'. Database available at 'jdbc:h2:mem:testdb'
2026-07-15T09:31:30.222+05:30  INFO 22340 --- [marketplace] [           main] o.s.b.t.m.w.SpringBootMockServletContext : Initializing Spring TestDispatcherServlet ''
2026-07-15T09:31:30.223+05:30  INFO 22340 --- [marketplace] [           main] o.s.t.web.servlet.TestDispatcherServlet  : Initializing Servlet ''
2026-07-15T09:31:30.227+05:30  INFO 22340 --- [marketplace] [           main] o.s.t.web.servlet.TestDispatcherServlet  : Completed initialization in 4 ms
2026-07-15T09:31:30.246+05:30  INFO 22340 --- [marketplace] [           main] c.i.marketplace.e2e.MarketplaceE2ETest   : Started MarketplaceE2ETest in 3.998 seconds (process running for 72.56)
2026-07-15T09:31:30.738+05:30  INFO 22340 --- [marketplace] [           main] j.LocalContainerEntityManagerFactoryBean : Closing JPA EntityManagerFactory for persistence unit 'default'
2026-07-15T09:31:30.745+05:30  INFO 22340 --- [marketplace] [           main] com.zaxxer.hikari.HikariDataSource       : HikariPool-5 - Shutdown initiated...
2026-07-15T09:31:30.747+05:30  INFO 22340 --- [marketplace] [           main] com.zaxxer.hikari.HikariDataSource       : HikariPool-5 - Shutdown completed.
]]></system-out>
  </testcase>
</testsuite>